Γû▓ Next.js 16.1.6 (Turbopack)
- Environments: .env
- Experiments (use with caution):
  ┬╖ serverActions

  Creating an optimized production build ...
Γ£ô Compiled successfully in 10.9s
  Running TypeScript ...
  Collecting page data using 7 workers ...
  Generating static pages using 7 workers (0/11) ...
  Generating static pages using 7 workers (2/11) 
  Generating static pages using 7 workers (5/11) 
  Generating static pages using 7 workers (8/11) 
Γ£ô Generating static pages using 7 workers (11/11) in 342.2ms
  Finalizing page optimization ...

Route (app)
Γöî Γùï /
Γö£ Γùï /_not-found
Γö£ ╞Æ /admin
Γö£ ╞Æ /api/bootstrap-stage1-exams
Γö£ ╞Æ /api/cron/release-results
Γö£ ╞Æ /api/upload-avatar
Γö£ ╞Æ /dashboard
Γö£ ╞Æ /exam
Γö£ ╞Æ /login
Γö£ ╞Æ /profile
Γöö ╞Æ /register


Γùï  (Static)   prerendered as static content
╞Æ  (Dynamic)  server-rendered on demand

